[2025-08-27 17:17:40] local.ERROR: Target class [files] does not exist. {"exception":"[object] (Illuminate\\Contracts\\Container\\BindingResolutionException(code: 0): Target class [files] does not exist. at /home/runner/work/viral-quote-engine-api/viral-quote-engine-api/vendor/laravel/framework/src/Illuminate/Container/Container.php:961)
[stacktrace]
#0 /home/runner/work/viral-quote-engine-api/viral-quote-engine-api/vendor/laravel/framework/src/Illuminate/Container/Container.php(832): Illuminate\\Container\\Container->build()
#1 /home/runner/work/viral-quote-engine-api/viral-quote-engine-api/vendor/laravel/framework/src/Illuminate/Foundation/Application.php(1078): Illuminate\\Container\\Container->resolve()
#2 /home/runner/work/viral-quote-engine-api/viral-quote-engine-api/vendor/laravel/framework/src/Illuminate/Container/Container.php(763): Illuminate\\Foundation\\Application->resolve()
#3 /home/runner/work/viral-quote-engine-api/viral-quote-engine-api/vendor/laravel/framework/src/Illuminate/Foundation/Application.php(1058): Illuminate\\Container\\Container->make()
#4 /home/runner/work/viral-quote-engine-api/viral-quote-engine-api/vendor/laravel/framework/src/Illuminate/Container/Container.php(1580): Illuminate\\Foundation\\Application->make()
#5 /home/runner/work/viral-quote-engine-api/viral-quote-engine-api/vendor/laravel/framework/src/Illuminate/Foundation/Application.php(1325): Illuminate\\Container\\Container->offsetGet()
#6 /home/runner/work/viral-quote-engine-api/viral-quote-engine-api/vendor/laravel/sanctum/src/SanctumServiceProvider.php(68): Illuminate\\Foundation\\Application->routesAreCached()
#7 /home/runner/work/viral-quote-engine-api/viral-quote-engine-api/vendor/laravel/sanctum/src/SanctumServiceProvider.php(56): Laravel\\Sanctum\\SanctumServiceProvider->defineRoutes()
#8 /home/runner/work/viral-quote-engine-api/viral-quote-engine-api/vendor/laravel/framework/src/Illuminate/Container/BoundMethod.php(36): Laravel\\Sanctum\\SanctumServiceProvider->boot()
#9 /home/runner/work/viral-quote-engine-api/viral-quote-engine-api/vendor/laravel/framework/src/Illuminate/Container/Util.php(43): Illuminate\\Container\\BoundMethod::Illuminate\\Container\\{closure}()
#10 /home/runner/work/viral-quote-engine-api/viral-quote-engine-api/vendor/laravel/framework/src/Illuminate/Container/BoundMethod.php(95): Illuminate\\Container\\Util::unwrapIfClosure()
#11 /home/runner/work/viral-quote-engine-api/viral-quote-engine-api/vendor/laravel/framework/src/Illuminate/Container/BoundMethod.php(35): Illuminate\\Container\\BoundMethod::callBoundMethod()
#12 /home/runner/work/viral-quote-engine-api/viral-quote-engine-api/vendor/laravel/framework/src/Illuminate/Container/Container.php(696): Illuminate\\Container\\BoundMethod::call()
#13 /home/runner/work/viral-quote-engine-api/viral-quote-engine-api/vendor/laravel/framework/src/Illuminate/Foundation/Application.php(1151): Illuminate\\Container\\Container->call()
#14 /home/runner/work/viral-quote-engine-api/viral-quote-engine-api/vendor/laravel/framework/src/Illuminate/Foundation/Application.php(1132): Illuminate\\Foundation\\Application->bootProvider()
#15 [internal function]: Illuminate\\Foundation\\Application->Illuminate\\Foundation\\{closure}()
#16 /home/runner/work/viral-quote-engine-api/viral-quote-engine-api/vendor/laravel/framework/src/Illuminate/Foundation/Application.php(1131): array_walk()
#17 /home/runner/work/viral-quote-engine-api/viral-quote-engine-api/vendor/laravel/framework/src/Illuminate/Foundation/Bootstrap/BootProviders.php(17): Illuminate\\Foundation\\Application->boot()
#18 /home/runner/work/viral-quote-engine-api/viral-quote-engine-api/vendor/laravel/framework/src/Illuminate/Foundation/Application.php(342): Illuminate\\Foundation\\Bootstrap\\BootProviders->bootstrap()
#19 /home/runner/work/viral-quote-engine-api/viral-quote-engine-api/vendor/laravel/framework/src/Illuminate/Foundation/Console/Kernel.php(474): Illuminate\\Foundation\\Application->bootstrapWith()
#20 /home/runner/work/viral-quote-engine-api/viral-quote-engine-api/vendor/laravel/framework/src/Illuminate/Foundation/Console/Kernel.php(196): Illuminate\\Foundation\\Console\\Kernel->bootstrap()
#21 /home/runner/work/viral-quote-engine-api/viral-quote-engine-api/vendor/laravel/framework/src/Illuminate/Foundation/Application.php(1235): Illuminate\\Foundation\\Console\\Kernel->handle()
#22 /home/runner/work/viral-quote-engine-api/viral-quote-engine-api/artisan(14): Illuminate\\Foundation\\Application->handleCommand()
#23 {main}

[previous exception] [object] (ReflectionException(code: -1): Class \"files\" does not exist at /home/runner/work/viral-quote-engine-api/viral-quote-engine-api/vendor/laravel/framework/src/Illuminate/Container/Container.php:959)
[stacktrace]
#0 /home/runner/work/viral-quote-engine-api/viral-quote-engine-api/vendor/laravel/framework/src/Illuminate/Container/Container.php(959): ReflectionClass->__construct()
#1 /home/runner/work/viral-quote-engine-api/viral-quote-engine-api/vendor/laravel/framework/src/Illuminate/Container/Container.php(832): Illuminate\\Container\\Container->build()
#2 /home/runner/work/viral-quote-engine-api/viral-quote-engine-api/vendor/laravel/framework/src/Illuminate/Foundation/Application.php(1078): Illuminate\\Container\\Container->resolve()
#3 /home/runner/work/viral-quote-engine-api/viral-quote-engine-api/vendor/laravel/framework/src/Illuminate/Container/Container.php(763): Illuminate\\Foundation\\Application->resolve()
#4 /home/runner/work/viral-quote-engine-api/viral-quote-engine-api/vendor/laravel/framework/src/Illuminate/Foundation/Application.php(1058): Illuminate\\Container\\Container->make()
#5 /home/runner/work/viral-quote-engine-api/viral-quote-engine-api/vendor/laravel/framework/src/Illuminate/Container/Container.php(1580): Illuminate\\Foundation\\Application->make()
#6 /home/runner/work/viral-quote-engine-api/viral-quote-engine-api/vendor/laravel/framework/src/Illuminate/Foundation/Application.php(1325): Illuminate\\Container\\Container->offsetGet()
#7 /home/runner/work/viral-quote-engine-api/viral-quote-engine-api/vendor/laravel/sanctum/src/SanctumServiceProvider.php(68): Illuminate\\Foundation\\Application->routesAreCached()
#8 /home/runner/work/viral-quote-engine-api/viral-quote-engine-api/vendor/laravel/sanctum/src/SanctumServiceProvider.php(56): Laravel\\Sanctum\\SanctumServiceProvider->defineRoutes()
#9 /home/runner/work/viral-quote-engine-api/viral-quote-engine-api/vendor/laravel/framework/src/Illuminate/Container/BoundMethod.php(36): Laravel\\Sanctum\\SanctumServiceProvider->boot()
#10 /home/runner/work/viral-quote-engine-api/viral-quote-engine-api/vendor/laravel/framework/src/Illuminate/Container/Util.php(43): Illuminate\\Container\\BoundMethod::Illuminate\\Container\\{closure}()
#11 /home/runner/work/viral-quote-engine-api/viral-quote-engine-api/vendor/laravel/framework/src/Illuminate/Container/BoundMethod.php(95): Illuminate\\Container\\Util::unwrapIfClosure()
#12 /home/runner/work/viral-quote-engine-api/viral-quote-engine-api/vendor/laravel/framework/src/Illuminate/Container/BoundMethod.php(35): Illuminate\\Container\\BoundMethod::callBoundMethod()
#13 /home/runner/work/viral-quote-engine-api/viral-quote-engine-api/vendor/laravel/framework/src/Illuminate/Container/Container.php(696): Illuminate\\Container\\BoundMethod::call()
#14 /home/runner/work/viral-quote-engine-api/viral-quote-engine-api/vendor/laravel/framework/src/Illuminate/Foundation/Application.php(1151): Illuminate\\Container\\Container->call()
#15 /home/runner/work/viral-quote-engine-api/viral-quote-engine-api/vendor/laravel/framework/src/Illuminate/Foundation/Application.php(1132): Illuminate\\Foundation\\Application->bootProvider()
#16 [internal function]: Illuminate\\Foundation\\Application->Illuminate\\Foundation\\{closure}()
#17 /home/runner/work/viral-quote-engine-api/viral-quote-engine-api/vendor/laravel/framework/src/Illuminate/Foundation/Application.php(1131): array_walk()
#18 /home/runner/work/viral-quote-engine-api/viral-quote-engine-api/vendor/laravel/framework/src/Illuminate/Foundation/Bootstrap/BootProviders.php(17): Illuminate\\Foundation\\Application->boot()
#19 /home/runner/work/viral-quote-engine-api/viral-quote-engine-api/vendor/laravel/framework/src/Illuminate/Foundation/Application.php(342): Illuminate\\Foundation\\Bootstrap\\BootProviders->bootstrap()
#20 /home/runner/work/viral-quote-engine-api/viral-quote-engine-api/vendor/laravel/framework/src/Illuminate/Foundation/Console/Kernel.php(474): Illuminate\\Foundation\\Application->bootstrapWith()
#21 /home/runner/work/viral-quote-engine-api/viral-quote-engine-api/vendor/laravel/framework/src/Illuminate/Foundation/Console/Kernel.php(196): Illuminate\\Foundation\\Console\\Kernel->bootstrap()
#22 /home/runner/work/viral-quote-engine-api/viral-quote-engine-api/vendor/laravel/framework/src/Illuminate/Foundation/Application.php(1235): Illuminate\\Foundation\\Console\\Kernel->handle()
#23 /home/runner/work/viral-quote-engine-api/viral-quote-engine-api/artisan(14): Illuminate\\Foundation\\Application->handleCommand()
#24 {main}
"} 
[2025-08-27 17:18:03] local.ERROR: Target class [files] does not exist. {"exception":"[object] (Illuminate\\Contracts\\Container\\BindingResolutionException(code: 0): Target class [files] does not exist. at /home/runner/work/viral-quote-engine-api/viral-quote-engine-api/vendor/laravel/framework/src/Illuminate/Container/Container.php:961)
[stacktrace]
#0 /home/runner/work/viral-quote-engine-api/viral-quote-engine-api/vendor/laravel/framework/src/Illuminate/Container/Container.php(832): Illuminate\\Container\\Container->build()
#1 /home/runner/work/viral-quote-engine-api/viral-quote-engine-api/vendor/laravel/framework/src/Illuminate/Foundation/Application.php(1078): Illuminate\\Container\\Container->resolve()
#2 /home/runner/work/viral-quote-engine-api/viral-quote-engine-api/vendor/laravel/framework/src/Illuminate/Container/Container.php(763): Illuminate\\Foundation\\Application->resolve()
#3 /home/runner/work/viral-quote-engine-api/viral-quote-engine-api/vendor/laravel/framework/src/Illuminate/Foundation/Application.php(1058): Illuminate\\Container\\Container->make()
#4 /home/runner/work/viral-quote-engine-api/viral-quote-engine-api/vendor/laravel/framework/src/Illuminate/Container/Container.php(1580): Illuminate\\Foundation\\Application->make()
#5 /home/runner/work/viral-quote-engine-api/viral-quote-engine-api/vendor/laravel/framework/src/Illuminate/Foundation/Application.php(1325): Illuminate\\Container\\Container->offsetGet()
#6 /home/runner/work/viral-quote-engine-api/viral-quote-engine-api/vendor/laravel/sanctum/src/SanctumServiceProvider.php(68): Illuminate\\Foundation\\Application->routesAreCached()
#7 /home/runner/work/viral-quote-engine-api/viral-quote-engine-api/vendor/laravel/sanctum/src/SanctumServiceProvider.php(56): Laravel\\Sanctum\\SanctumServiceProvider->defineRoutes()
#8 /home/runner/work/viral-quote-engine-api/viral-quote-engine-api/vendor/laravel/framework/src/Illuminate/Container/BoundMethod.php(36): Laravel\\Sanctum\\SanctumServiceProvider->boot()
#9 /home/runner/work/viral-quote-engine-api/viral-quote-engine-api/vendor/laravel/framework/src/Illuminate/Container/Util.php(43): Illuminate\\Container\\BoundMethod::Illuminate\\Container\\{closure}()
#10 /home/runner/work/viral-quote-engine-api/viral-quote-engine-api/vendor/laravel/framework/src/Illuminate/Container/BoundMethod.php(95): Illuminate\\Container\\Util::unwrapIfClosure()
#11 /home/runner/work/viral-quote-engine-api/viral-quote-engine-api/vendor/laravel/framework/src/Illuminate/Container/BoundMethod.php(35): Illuminate\\Container\\BoundMethod::callBoundMethod()
#12 /home/runner/work/viral-quote-engine-api/viral-quote-engine-api/vendor/laravel/framework/src/Illuminate/Container/Container.php(696): Illuminate\\Container\\BoundMethod::call()
#13 /home/runner/work/viral-quote-engine-api/viral-quote-engine-api/vendor/laravel/framework/src/Illuminate/Foundation/Application.php(1151): Illuminate\\Container\\Container->call()
#14 /home/runner/work/viral-quote-engine-api/viral-quote-engine-api/vendor/laravel/framework/src/Illuminate/Foundation/Application.php(1132): Illuminate\\Foundation\\Application->bootProvider()
#15 [internal function]: Illuminate\\Foundation\\Application->Illuminate\\Foundation\\{closure}()
#16 /home/runner/work/viral-quote-engine-api/viral-quote-engine-api/vendor/laravel/framework/src/Illuminate/Foundation/Application.php(1131): array_walk()
#17 /home/runner/work/viral-quote-engine-api/viral-quote-engine-api/vendor/laravel/framework/src/Illuminate/Foundation/Bootstrap/BootProviders.php(17): Illuminate\\Foundation\\Application->boot()
#18 /home/runner/work/viral-quote-engine-api/viral-quote-engine-api/vendor/laravel/framework/src/Illuminate/Foundation/Application.php(342): Illuminate\\Foundation\\Bootstrap\\BootProviders->bootstrap()
#19 /home/runner/work/viral-quote-engine-api/viral-quote-engine-api/vendor/laravel/framework/src/Illuminate/Foundation/Console/Kernel.php(474): Illuminate\\Foundation\\Application->bootstrapWith()
#20 /home/runner/work/viral-quote-engine-api/viral-quote-engine-api/vendor/laravel/framework/src/Illuminate/Foundation/Console/Kernel.php(196): Illuminate\\Foundation\\Console\\Kernel->bootstrap()
#21 /home/runner/work/viral-quote-engine-api/viral-quote-engine-api/vendor/laravel/framework/src/Illuminate/Foundation/Application.php(1235): Illuminate\\Foundation\\Console\\Kernel->handle()
#22 /home/runner/work/viral-quote-engine-api/viral-quote-engine-api/artisan(14): Illuminate\\Foundation\\Application->handleCommand()
#23 {main}

[previous exception] [object] (ReflectionException(code: -1): Class \"files\" does not exist at /home/runner/work/viral-quote-engine-api/viral-quote-engine-api/vendor/laravel/framework/src/Illuminate/Container/Container.php:959)
[stacktrace]
#0 /home/runner/work/viral-quote-engine-api/viral-quote-engine-api/vendor/laravel/framework/src/Illuminate/Container/Container.php(959): ReflectionClass->__construct()
#1 /home/runner/work/viral-quote-engine-api/viral-quote-engine-api/vendor/laravel/framework/src/Illuminate/Container/Container.php(832): Illuminate\\Container\\Container->build()
#2 /home/runner/work/viral-quote-engine-api/viral-quote-engine-api/vendor/laravel/framework/src/Illuminate/Foundation/Application.php(1078): Illuminate\\Container\\Container->resolve()
#3 /home/runner/work/viral-quote-engine-api/viral-quote-engine-api/vendor/laravel/framework/src/Illuminate/Container/Container.php(763): Illuminate\\Foundation\\Application->resolve()
#4 /home/runner/work/viral-quote-engine-api/viral-quote-engine-api/vendor/laravel/framework/src/Illuminate/Foundation/Application.php(1058): Illuminate\\Container\\Container->make()
#5 /home/runner/work/viral-quote-engine-api/viral-quote-engine-api/vendor/laravel/framework/src/Illuminate/Container/Container.php(1580): Illuminate\\Foundation\\Application->make()
#6 /home/runner/work/viral-quote-engine-api/viral-quote-engine-api/vendor/laravel/framework/src/Illuminate/Foundation/Application.php(1325): Illuminate\\Container\\Container->offsetGet()
#7 /home/runner/work/viral-quote-engine-api/viral-quote-engine-api/vendor/laravel/sanctum/src/SanctumServiceProvider.php(68): Illuminate\\Foundation\\Application->routesAreCached()
#8 /home/runner/work/viral-quote-engine-api/viral-quote-engine-api/vendor/laravel/sanctum/src/SanctumServiceProvider.php(56): Laravel\\Sanctum\\SanctumServiceProvider->defineRoutes()
#9 /home/runner/work/viral-quote-engine-api/viral-quote-engine-api/vendor/laravel/framework/src/Illuminate/Container/BoundMethod.php(36): Laravel\\Sanctum\\SanctumServiceProvider->boot()
#10 /home/runner/work/viral-quote-engine-api/viral-quote-engine-api/vendor/laravel/framework/src/Illuminate/Container/Util.php(43): Illuminate\\Container\\BoundMethod::Illuminate\\Container\\{closure}()
#11 /home/runner/work/viral-quote-engine-api/viral-quote-engine-api/vendor/laravel/framework/src/Illuminate/Container/BoundMethod.php(95): Illuminate\\Container\\Util::unwrapIfClosure()
#12 /home/runner/work/viral-quote-engine-api/viral-quote-engine-api/vendor/laravel/framework/src/Illuminate/Container/BoundMethod.php(35): Illuminate\\Container\\BoundMethod::callBoundMethod()
#13 /home/runner/work/viral-quote-engine-api/viral-quote-engine-api/vendor/laravel/framework/src/Illuminate/Container/Container.php(696): Illuminate\\Container\\BoundMethod::call()
#14 /home/runner/work/viral-quote-engine-api/viral-quote-engine-api/vendor/laravel/framework/src/Illuminate/Foundation/Application.php(1151): Illuminate\\Container\\Container->call()
#15 /home/runner/work/viral-quote-engine-api/viral-quote-engine-api/vendor/laravel/framework/src/Illuminate/Foundation/Application.php(1132): Illuminate\\Foundation\\Application->bootProvider()
#16 [internal function]: Illuminate\\Foundation\\Application->Illuminate\\Foundation\\{closure}()
#17 /home/runner/work/viral-quote-engine-api/viral-quote-engine-api/vendor/laravel/framework/src/Illuminate/Foundation/Application.php(1131): array_walk()
#18 /home/runner/work/viral-quote-engine-api/viral-quote-engine-api/vendor/laravel/framework/src/Illuminate/Foundation/Bootstrap/BootProviders.php(17): Illuminate\\Foundation\\Application->boot()
#19 /home/runner/work/viral-quote-engine-api/viral-quote-engine-api/vendor/laravel/framework/src/Illuminate/Foundation/Application.php(342): Illuminate\\Foundation\\Bootstrap\\BootProviders->bootstrap()
#20 /home/runner/work/viral-quote-engine-api/viral-quote-engine-api/vendor/laravel/framework/src/Illuminate/Foundation/Console/Kernel.php(474): Illuminate\\Foundation\\Application->bootstrapWith()
#21 /home/runner/work/viral-quote-engine-api/viral-quote-engine-api/vendor/laravel/framework/src/Illuminate/Foundation/Console/Kernel.php(196): Illuminate\\Foundation\\Console\\Kernel->bootstrap()
#22 /home/runner/work/viral-quote-engine-api/viral-quote-engine-api/vendor/laravel/framework/src/Illuminate/Foundation/Application.php(1235): Illuminate\\Foundation\\Console\\Kernel->handle()
#23 /home/runner/work/viral-quote-engine-api/viral-quote-engine-api/artisan(14): Illuminate\\Foundation\\Application->handleCommand()
#24 {main}
"} 
[2025-08-27 17:18:48] local.ERROR: Target class [files] does not exist. {"exception":"[object] (Illuminate\\Contracts\\Container\\BindingResolutionException(code: 0): Target class [files] does not exist. at /home/runner/work/viral-quote-engine-api/viral-quote-engine-api/vendor/laravel/framework/src/Illuminate/Container/Container.php:961)
[stacktrace]
#0 /home/runner/work/viral-quote-engine-api/viral-quote-engine-api/vendor/laravel/framework/src/Illuminate/Container/Container.php(832): Illuminate\\Container\\Container->build()
#1 /home/runner/work/viral-quote-engine-api/viral-quote-engine-api/vendor/laravel/framework/src/Illuminate/Foundation/Application.php(1078): Illuminate\\Container\\Container->resolve()
#2 /home/runner/work/viral-quote-engine-api/viral-quote-engine-api/vendor/laravel/framework/src/Illuminate/Container/Container.php(763): Illuminate\\Foundation\\Application->resolve()
#3 /home/runner/work/viral-quote-engine-api/viral-quote-engine-api/vendor/laravel/framework/src/Illuminate/Foundation/Application.php(1058): Illuminate\\Container\\Container->make()
#4 /home/runner/work/viral-quote-engine-api/viral-quote-engine-api/vendor/laravel/framework/src/Illuminate/Container/Container.php(1580): Illuminate\\Foundation\\Application->make()
#5 /home/runner/work/viral-quote-engine-api/viral-quote-engine-api/vendor/laravel/framework/src/Illuminate/Foundation/Application.php(1325): Illuminate\\Container\\Container->offsetGet()
#6 /home/runner/work/viral-quote-engine-api/viral-quote-engine-api/vendor/laravel/sanctum/src/SanctumServiceProvider.php(68): Illuminate\\Foundation\\Application->routesAreCached()
#7 /home/runner/work/viral-quote-engine-api/viral-quote-engine-api/vendor/laravel/sanctum/src/SanctumServiceProvider.php(56): Laravel\\Sanctum\\SanctumServiceProvider->defineRoutes()
#8 /home/runner/work/viral-quote-engine-api/viral-quote-engine-api/vendor/laravel/framework/src/Illuminate/Container/BoundMethod.php(36): Laravel\\Sanctum\\SanctumServiceProvider->boot()
#9 /home/runner/work/viral-quote-engine-api/viral-quote-engine-api/vendor/laravel/framework/src/Illuminate/Container/Util.php(43): Illuminate\\Container\\BoundMethod::Illuminate\\Container\\{closure}()
#10 /home/runner/work/viral-quote-engine-api/viral-quote-engine-api/vendor/laravel/framework/src/Illuminate/Container/BoundMethod.php(95): Illuminate\\Container\\Util::unwrapIfClosure()
#11 /home/runner/work/viral-quote-engine-api/viral-quote-engine-api/vendor/laravel/framework/src/Illuminate/Container/BoundMethod.php(35): Illuminate\\Container\\BoundMethod::callBoundMethod()
#12 /home/runner/work/viral-quote-engine-api/viral-quote-engine-api/vendor/laravel/framework/src/Illuminate/Container/Container.php(696): Illuminate\\Container\\BoundMethod::call()
#13 /home/runner/work/viral-quote-engine-api/viral-quote-engine-api/vendor/laravel/framework/src/Illuminate/Foundation/Application.php(1151): Illuminate\\Container\\Container->call()
#14 /home/runner/work/viral-quote-engine-api/viral-quote-engine-api/vendor/laravel/framework/src/Illuminate/Foundation/Application.php(1132): Illuminate\\Foundation\\Application->bootProvider()
#15 [internal function]: Illuminate\\Foundation\\Application->Illuminate\\Foundation\\{closure}()
#16 /home/runner/work/viral-quote-engine-api/viral-quote-engine-api/vendor/laravel/framework/src/Illuminate/Foundation/Application.php(1131): array_walk()
#17 /home/runner/work/viral-quote-engine-api/viral-quote-engine-api/vendor/laravel/framework/src/Illuminate/Foundation/Bootstrap/BootProviders.php(17): Illuminate\\Foundation\\Application->boot()
#18 /home/runner/work/viral-quote-engine-api/viral-quote-engine-api/vendor/laravel/framework/src/Illuminate/Foundation/Application.php(342): Illuminate\\Foundation\\Bootstrap\\BootProviders->bootstrap()
#19 /home/runner/work/viral-quote-engine-api/viral-quote-engine-api/vendor/laravel/framework/src/Illuminate/Foundation/Console/Kernel.php(474): Illuminate\\Foundation\\Application->bootstrapWith()
#20 /home/runner/work/viral-quote-engine-api/viral-quote-engine-api/vendor/laravel/framework/src/Illuminate/Foundation/Console/Kernel.php(196): Illuminate\\Foundation\\Console\\Kernel->bootstrap()
#21 /home/runner/work/viral-quote-engine-api/viral-quote-engine-api/vendor/laravel/framework/src/Illuminate/Foundation/Application.php(1235): Illuminate\\Foundation\\Console\\Kernel->handle()
#22 /home/runner/work/viral-quote-engine-api/viral-quote-engine-api/artisan(14): Illuminate\\Foundation\\Application->handleCommand()
#23 {main}

[previous exception] [object] (ReflectionException(code: -1): Class \"files\" does not exist at /home/runner/work/viral-quote-engine-api/viral-quote-engine-api/vendor/laravel/framework/src/Illuminate/Container/Container.php:959)
[stacktrace]
#0 /home/runner/work/viral-quote-engine-api/viral-quote-engine-api/vendor/laravel/framework/src/Illuminate/Container/Container.php(959): ReflectionClass->__construct()
#1 /home/runner/work/viral-quote-engine-api/viral-quote-engine-api/vendor/laravel/framework/src/Illuminate/Container/Container.php(832): Illuminate\\Container\\Container->build()
#2 /home/runner/work/viral-quote-engine-api/viral-quote-engine-api/vendor/laravel/framework/src/Illuminate/Foundation/Application.php(1078): Illuminate\\Container\\Container->resolve()
#3 /home/runner/work/viral-quote-engine-api/viral-quote-engine-api/vendor/laravel/framework/src/Illuminate/Container/Container.php(763): Illuminate\\Foundation\\Application->resolve()
#4 /home/runner/work/viral-quote-engine-api/viral-quote-engine-api/vendor/laravel/framework/src/Illuminate/Foundation/Application.php(1058): Illuminate\\Container\\Container->make()
#5 /home/runner/work/viral-quote-engine-api/viral-quote-engine-api/vendor/laravel/framework/src/Illuminate/Container/Container.php(1580): Illuminate\\Foundation\\Application->make()
#6 /home/runner/work/viral-quote-engine-api/viral-quote-engine-api/vendor/laravel/framework/src/Illuminate/Foundation/Application.php(1325): Illuminate\\Container\\Container->offsetGet()
#7 /home/runner/work/viral-quote-engine-api/viral-quote-engine-api/vendor/laravel/sanctum/src/SanctumServiceProvider.php(68): Illuminate\\Foundation\\Application->routesAreCached()
#8 /home/runner/work/viral-quote-engine-api/viral-quote-engine-api/vendor/laravel/sanctum/src/SanctumServiceProvider.php(56): Laravel\\Sanctum\\SanctumServiceProvider->defineRoutes()
#9 /home/runner/work/viral-quote-engine-api/viral-quote-engine-api/vendor/laravel/framework/src/Illuminate/Container/BoundMethod.php(36): Laravel\\Sanctum\\SanctumServiceProvider->boot()
#10 /home/runner/work/viral-quote-engine-api/viral-quote-engine-api/vendor/laravel/framework/src/Illuminate/Container/Util.php(43): Illuminate\\Container\\BoundMethod::Illuminate\\Container\\{closure}()
#11 /home/runner/work/viral-quote-engine-api/viral-quote-engine-api/vendor/laravel/framework/src/Illuminate/Container/BoundMethod.php(95): Illuminate\\Container\\Util::unwrapIfClosure()
#12 /home/runner/work/viral-quote-engine-api/viral-quote-engine-api/vendor/laravel/framework/src/Illuminate/Container/BoundMethod.php(35): Illuminate\\Container\\BoundMethod::callBoundMethod()
#13 /home/runner/work/viral-quote-engine-api/viral-quote-engine-api/vendor/laravel/framework/src/Illuminate/Container/Container.php(696): Illuminate\\Container\\BoundMethod::call()
#14 /home/runner/work/viral-quote-engine-api/viral-quote-engine-api/vendor/laravel/framework/src/Illuminate/Foundation/Application.php(1151): Illuminate\\Container\\Container->call()
#15 /home/runner/work/viral-quote-engine-api/viral-quote-engine-api/vendor/laravel/framework/src/Illuminate/Foundation/Application.php(1132): Illuminate\\Foundation\\Application->bootProvider()
#16 [internal function]: Illuminate\\Foundation\\Application->Illuminate\\Foundation\\{closure}()
#17 /home/runner/work/viral-quote-engine-api/viral-quote-engine-api/vendor/laravel/framework/src/Illuminate/Foundation/Application.php(1131): array_walk()
#18 /home/runner/work/viral-quote-engine-api/viral-quote-engine-api/vendor/laravel/framework/src/Illuminate/Foundation/Bootstrap/BootProviders.php(17): Illuminate\\Foundation\\Application->boot()
#19 /home/runner/work/viral-quote-engine-api/viral-quote-engine-api/vendor/laravel/framework/src/Illuminate/Foundation/Application.php(342): Illuminate\\Foundation\\Bootstrap\\BootProviders->bootstrap()
#20 /home/runner/work/viral-quote-engine-api/viral-quote-engine-api/vendor/laravel/framework/src/Illuminate/Foundation/Console/Kernel.php(474): Illuminate\\Foundation\\Application->bootstrapWith()
#21 /home/runner/work/viral-quote-engine-api/viral-quote-engine-api/vendor/laravel/framework/src/Illuminate/Foundation/Console/Kernel.php(196): Illuminate\\Foundation\\Console\\Kernel->bootstrap()
#22 /home/runner/work/viral-quote-engine-api/viral-quote-engine-api/vendor/laravel/framework/src/Illuminate/Foundation/Application.php(1235): Illuminate\\Foundation\\Console\\Kernel->handle()
#23 /home/runner/work/viral-quote-engine-api/viral-quote-engine-api/artisan(14): Illuminate\\Foundation\\Application->handleCommand()
#24 {main}
"} 
